This is pdfTeX, Version 3.14159265-2.6-1.40.18 (TeX Live 2017) (preloaded format=pdflatex 2017.7.11)  16 AUG 2017 23:06
entering extended mode
 restricted \write18 enabled.
 %&-line parsing enabled.
**Report.tex
(./Report.tex
LaTeX2e <2017-04-15>
Babel <3.10> and hyphenation patterns for 84 language(s) loaded.
(/usr/local/texlive/2017/texmf-dist/tex/latex/base/article.cls
Document Class: article 2014/09/29 v1.4h Standard LaTeX document class
(/usr/local/texlive/2017/texmf-dist/tex/latex/base/size11.clo
File: size11.clo 2014/09/29 v1.4h Standard LaTeX file (size option)
)
\c@part=\count79
\c@section=\count80
\c@subsection=\count81
\c@subsubsection=\count82
\c@paragraph=\count83
\c@subparagraph=\count84
\c@figure=\count85
\c@table=\count86
\abovecaptionskip=\skip41
\belowcaptionskip=\skip42
\bibindent=\dimen102
)
(/usr/local/texlive/2017/texmf-dist/tex/latex/amsmath/amsmath.sty
Package: amsmath 2016/11/05 v2.16a AMS math features
\@mathmargin=\skip43

For additional information on amsmath, use the `?' option.
(/usr/local/texlive/2017/texmf-dist/tex/latex/amsmath/amstext.sty
Package: amstext 2000/06/29 v2.01 AMS text

(/usr/local/texlive/2017/texmf-dist/tex/latex/amsmath/amsgen.sty
File: amsgen.sty 1999/11/30 v2.0 generic functions
\@emptytoks=\toks14
\ex@=\dimen103
))
(/usr/local/texlive/2017/texmf-dist/tex/latex/amsmath/amsbsy.sty
Package: amsbsy 1999/11/29 v1.2d Bold Symbols
\pmbraise@=\dimen104
)
(/usr/local/texlive/2017/texmf-dist/tex/latex/amsmath/amsopn.sty
Package: amsopn 2016/03/08 v2.02 operator names
)
\inf@bad=\count87
LaTeX Info: Redefining \frac on input line 213.
\uproot@=\count88
\leftroot@=\count89
LaTeX Info: Redefining \overline on input line 375.
\classnum@=\count90
\DOTSCASE@=\count91
LaTeX Info: Redefining \ldots on input line 472.
LaTeX Info: Redefining \dots on input line 475.
LaTeX Info: Redefining \cdots on input line 596.
\Mathstrutbox@=\box26
\strutbox@=\box27
\big@size=\dimen105
LaTeX Font Info:    Redeclaring font encoding OML on input line 712.
LaTeX Font Info:    Redeclaring font encoding OMS on input line 713.
\macc@depth=\count92
\c@MaxMatrixCols=\count93
\dotsspace@=\muskip10
\c@parentequation=\count94
\dspbrk@lvl=\count95
\tag@help=\toks15
\row@=\count96
\column@=\count97
\maxfields@=\count98
\andhelp@=\toks16
\eqnshift@=\dimen106
\alignsep@=\dimen107
\tagshift@=\dimen108
\tagwidth@=\dimen109
\totwidth@=\dimen110
\lineht@=\dimen111
\@envbody=\toks17
\multlinegap=\skip44
\multlinetaggap=\skip45
\mathdisplay@stack=\toks18
LaTeX Info: Redefining \[ on input line 2817.
LaTeX Info: Redefining \] on input line 2818.
)
(/usr/local/texlive/2017/texmf-dist/tex/latex/amsfonts/amssymb.sty
Package: amssymb 2013/01/14 v3.01 AMS font symbols

(/usr/local/texlive/2017/texmf-dist/tex/latex/amsfonts/amsfonts.sty
Package: amsfonts 2013/01/14 v3.01 Basic AMSFonts support
\symAMSa=\mathgroup4
\symAMSb=\mathgroup5
LaTeX Font Info:    Overwriting math alphabet `\mathfrak' in version `bold'
(Font)                  U/euf/m/n --> U/euf/b/n on input line 106.
))
(/usr/local/texlive/2017/texmf-dist/tex/latex/amscls/amsthm.sty
Package: amsthm 2015/03/04 v2.20.2
\thm@style=\toks19
\thm@bodyfont=\toks20
\thm@headfont=\toks21
\thm@notefont=\toks22
\thm@headpunct=\toks23
\thm@preskip=\skip46
\thm@postskip=\skip47
\thm@headsep=\skip48
\dth@everypar=\toks24
)
(/usr/local/texlive/2017/texmf-dist/tex/latex/graphics/graphicx.sty
Package: graphicx 2014/10/28 v1.0g Enhanced LaTeX Graphics (DPC,SPQR)

(/usr/local/texlive/2017/texmf-dist/tex/latex/graphics/keyval.sty
Package: keyval 2014/10/28 v1.15 key=value parser (DPC)
\KV@toks@=\toks25
)
(/usr/local/texlive/2017/texmf-dist/tex/latex/graphics/graphics.sty
Package: graphics 2017/04/14 v1.1b Standard LaTeX Graphics (DPC,SPQR)

(/usr/local/texlive/2017/texmf-dist/tex/latex/graphics/trig.sty
Package: trig 2016/01/03 v1.10 sin cos tan (DPC)
)
(/usr/local/texlive/2017/texmf-dist/tex/latex/graphics-cfg/graphics.cfg
File: graphics.cfg 2016/06/04 v1.11 sample graphics configuration
)
Package graphics Info: Driver file: pdftex.def on input line 99.

(/usr/local/texlive/2017/texmf-dist/tex/latex/graphics-def/pdftex.def
File: pdftex.def 2017/01/12 v0.06k Graphics/color for pdfTeX

(/usr/local/texlive/2017/texmf-dist/tex/generic/oberdiek/infwarerr.sty
Package: infwarerr 2016/05/16 v1.4 Providing info/warning/error messages (HO)
)
(/usr/local/texlive/2017/texmf-dist/tex/generic/oberdiek/ltxcmds.sty
Package: ltxcmds 2016/05/16 v1.23 LaTeX kernel commands for general use (HO)
)
\Gread@gobject=\count99
))
\Gin@req@height=\dimen112
\Gin@req@width=\dimen113
)
(/usr/local/texlive/2017/texmf-dist/tex/latex/hyperref/hyperref.sty
Package: hyperref 2017/03/14 v6.85a Hypertext links for LaTeX

(/usr/local/texlive/2017/texmf-dist/tex/generic/oberdiek/hobsub-hyperref.sty
Package: hobsub-hyperref 2016/05/16 v1.14 Bundle oberdiek, subset hyperref (HO)


(/usr/local/texlive/2017/texmf-dist/tex/generic/oberdiek/hobsub-generic.sty
Package: hobsub-generic 2016/05/16 v1.14 Bundle oberdiek, subset generic (HO)
Package: hobsub 2016/05/16 v1.14 Construct package bundles (HO)
Package hobsub Info: Skipping package `infwarerr' (already loaded).
Package hobsub Info: Skipping package `ltxcmds' (already loaded).
Package: ifluatex 2016/05/16 v1.4 Provides the ifluatex switch (HO)
Package ifluatex Info: LuaTeX not detected.
Package: ifvtex 2016/05/16 v1.6 Detect VTeX and its facilities (HO)
Package ifvtex Info: VTeX not detected.
Package: intcalc 2016/05/16 v1.2 Expandable calculations with integers (HO)
Package: ifpdf 2017/03/15 v3.2 Provides the ifpdf switch
Package: etexcmds 2016/05/16 v1.6 Avoid name clashes with e-TeX commands (HO)
Package etexcmds Info: Could not find \expanded.
(etexcmds)             That can mean that you are not using pdfTeX 1.50 or
(etexcmds)             that some package has redefined \expanded.
(etexcmds)             In the latter case, load this package earlier.
Package: kvsetkeys 2016/05/16 v1.17 Key value parser (HO)
Package: kvdefinekeys 2016/05/16 v1.4 Define keys (HO)
Package: pdftexcmds 2017/03/19 v0.25 Utility functions of pdfTeX for LuaTeX (HO
)
Package pdftexcmds Info: LuaTeX not detected.
Package pdftexcmds Info: \pdf@primitive is available.
Package pdftexcmds Info: \pdf@ifprimitive is available.
Package pdftexcmds Info: \pdfdraftmode found.
Package: pdfescape 2016/05/16 v1.14 Implements pdfTeX's escape features (HO)
Package: bigintcalc 2016/05/16 v1.4 Expandable calculations on big integers (HO
)
Package: bitset 2016/05/16 v1.2 Handle bit-vector datatype (HO)
Package: uniquecounter 2016/05/16 v1.3 Provide unlimited unique counter (HO)
)
Package hobsub Info: Skipping package `hobsub' (already loaded).
Package: letltxmacro 2016/05/16 v1.5 Let assignment for LaTeX macros (HO)
Package: hopatch 2016/05/16 v1.3 Wrapper for package hooks (HO)
Package: xcolor-patch 2016/05/16 xcolor patch
Package: atveryend 2016/05/16 v1.9 Hooks at the very end of document (HO)
Package atveryend Info: \enddocument detected (standard20110627).
Package: atbegshi 2016/06/09 v1.18 At begin shipout hook (HO)
Package: refcount 2016/05/16 v3.5 Data extraction from label references (HO)
Package: hycolor 2016/05/16 v1.8 Color options for hyperref/bookmark (HO)
)
(/usr/local/texlive/2017/texmf-dist/tex/generic/ifxetex/ifxetex.sty
Package: ifxetex 2010/09/12 v0.6 Provides ifxetex conditional
)
(/usr/local/texlive/2017/texmf-dist/tex/latex/oberdiek/auxhook.sty
Package: auxhook 2016/05/16 v1.4 Hooks for auxiliary files (HO)
)
(/usr/local/texlive/2017/texmf-dist/tex/latex/oberdiek/kvoptions.sty
Package: kvoptions 2016/05/16 v3.12 Key value format for package options (HO)
)
\@linkdim=\dimen114
\Hy@linkcounter=\count100
\Hy@pagecounter=\count101

(/usr/local/texlive/2017/texmf-dist/tex/latex/hyperref/pd1enc.def
File: pd1enc.def 2017/03/14 v6.85a Hyperref: PDFDocEncoding definition (HO)
)
\Hy@SavedSpaceFactor=\count102

(/usr/local/texlive/2017/texmf-dist/tex/latex/latexconfig/hyperref.cfg
File: hyperref.cfg 2002/06/06 v1.2 hyperref configuration of TeXLive
)
Package hyperref Info: Hyper figures OFF on input line 4498.
Package hyperref Info: Link nesting OFF on input line 4503.
Package hyperref Info: Hyper index ON on input line 4506.
Package hyperref Info: Plain pages OFF on input line 4513.
Package hyperref Info: Backreferencing OFF on input line 4518.
Package hyperref Info: Implicit mode ON; LaTeX internals redefined.
Package hyperref Info: Bookmarks ON on input line 4751.
\c@Hy@tempcnt=\count103

(/usr/local/texlive/2017/texmf-dist/tex/latex/url/url.sty
\Urlmuskip=\muskip11
Package: url 2013/09/16  ver 3.4  Verb mode for urls, etc.
)
LaTeX Info: Redefining \url on input line 5104.
\XeTeXLinkMargin=\dimen115
\Fld@menulength=\count104
\Field@Width=\dimen116
\Fld@charsize=\dimen117
Package hyperref Info: Hyper figures OFF on input line 6358.
Package hyperref Info: Link nesting OFF on input line 6363.
Package hyperref Info: Hyper index ON on input line 6366.
Package hyperref Info: backreferencing OFF on input line 6373.
Package hyperref Info: Link coloring OFF on input line 6378.
Package hyperref Info: Link coloring with OCG OFF on input line 6383.
Package hyperref Info: PDF/A mode OFF on input line 6388.
LaTeX Info: Redefining \ref on input line 6428.
LaTeX Info: Redefining \pageref on input line 6432.
\Hy@abspage=\count105
\c@Item=\count106
\c@Hfootnote=\count107
)

Package hyperref Message: Driver (autodetected): hpdftex.

(/usr/local/texlive/2017/texmf-dist/tex/latex/hyperref/hpdftex.def
File: hpdftex.def 2017/03/14 v6.85a Hyperref driver for pdfTeX
\Fld@listcount=\count108
\c@bookmark@seq@number=\count109

(/usr/local/texlive/2017/texmf-dist/tex/latex/oberdiek/rerunfilecheck.sty
Package: rerunfilecheck 2016/05/16 v1.8 Rerun checks for auxiliary files (HO)
Package uniquecounter Info: New unique counter `rerunfilecheck' on input line 2
82.
)
\Hy@SectionHShift=\skip49
)
(/usr/local/texlive/2017/texmf-dist/tex/latex/natbib/natbib.sty
Package: natbib 2010/09/13 8.31b (PWD, AO)
\bibhang=\skip50
\bibsep=\skip51
LaTeX Info: Redefining \cite on input line 694.
\c@NAT@ctr=\count110
)
(/usr/local/texlive/2017/texmf-dist/tex/latex/caption/caption2.sty
Package: caption2 2015/09/15 v2.2-100 Customising captions (AR)


Package caption2 Warning: ****************************************************
(caption2)                THIS PACKAGE IS OBSOLETE:
(caption2)                This package attempts to provide an `caption2'
(caption2)                package v2.0/2.1 author environment so that OLD
(caption2)                documents can be successfully processed. It should
(caption2)                NOT be used for NEW documents! New documents should
(caption2)                use the regular `caption' package v3.x instead.
(caption2)                ****************************************************

(/usr/local/texlive/2017/texmf-dist/tex/latex/caption/caption3.sty
Package: caption3 2016/05/22 v1.7-166 caption3 kernel (AR)
Package caption3 Info: TeX engine: e-TeX on input line 67.
\captionmargin=\dimen118
\captionmargin@=\dimen119
\captionwidth=\dimen120
\caption@tempdima=\dimen121
\caption@indent=\dimen122
\caption@parindent=\dimen123
\caption@hangindent=\dimen124
)
Package caption2 Info: Running in caption2 v2.0 compatibility mode on input lin
e 221.
\captionlinewidth=\dimen125
\realcaptionwidth=\dimen126
)
(/usr/local/texlive/2017/texmf-dist/tex/latex/listings/listings.sty
\lst@mode=\count111
\lst@gtempboxa=\box28
\lst@token=\toks26
\lst@length=\count112
\lst@currlwidth=\dimen127
\lst@column=\count113
\lst@pos=\count114
\lst@lostspace=\dimen128
\lst@width=\dimen129
\lst@newlines=\count115
\lst@lineno=\count116
\lst@maxwidth=\dimen130

(/usr/local/texlive/2017/texmf-dist/tex/latex/listings/lstmisc.sty
File: lstmisc.sty 2015/06/04 1.6 (Carsten Heinz)
\c@lstnumber=\count117
\lst@skipnumbers=\count118
\lst@framebox=\box29
)
(/usr/local/texlive/2017/texmf-dist/tex/latex/listings/listings.cfg
File: listings.cfg 2015/06/04 1.6 listings configuration
))
Package: listings 2015/06/04 1.6 (Carsten Heinz)

(/usr/local/texlive/2017/texmf-dist/tex/latex/xcolor/xcolor.sty
Package: xcolor 2016/05/11 v2.12 LaTeX color extensions (UK)

(/usr/local/texlive/2017/texmf-dist/tex/latex/graphics-cfg/color.cfg
File: color.cfg 2016/01/02 v1.6 sample color configuration
)
Package xcolor Info: Driver file: pdftex.def on input line 225.
Package xcolor Info: Model `cmy' substituted by `cmy0' on input line 1348.
Package xcolor Info: Model `hsb' substituted by `rgb' on input line 1352.
Package xcolor Info: Model `RGB' extended on input line 1364.
Package xcolor Info: Model `HTML' substituted by `rgb' on input line 1366.
Package xcolor Info: Model `Hsb' substituted by `hsb' on input line 1367.
Package xcolor Info: Model `tHsb' substituted by `hsb' on input line 1368.
Package xcolor Info: Model `HSB' substituted by `hsb' on input line 1369.
Package xcolor Info: Model `Gray' substituted by `gray' on input line 1370.
Package xcolor Info: Model `wave' substituted by `hsb' on input line 1371.
)
(/usr/local/texlive/2017/texmf-dist/tex/latex/listings/lstlang1.sty
File: lstlang1.sty 2015/06/04 1.6 listings language file
)
(/usr/local/texlive/2017/texmf-dist/tex/latex/listings/lstlang2.sty
File: lstlang2.sty 2015/06/04 1.6 listings language file
)
(/usr/local/texlive/2017/texmf-dist/tex/latex/listings/lstlang3.sty
File: lstlang3.sty 2015/06/04 1.6 listings language file
)
(/usr/local/texlive/2017/texmf-dist/tex/latex/koma-script/scrpage2.sty
Package: scrpage2 2017/04/13 v3.23 KOMA-Script package (page head and foot)
)
(./Report.aux)
\openout1 = `Report.aux'.

LaTeX Font Info:    Checking defaults for OML/cmm/m/it on input line 67.
LaTeX Font Info:    ... okay on input line 67.
LaTeX Font Info:    Checking defaults for T1/cmr/m/n on input line 67.
LaTeX Font Info:    ... okay on input line 67.
LaTeX Font Info:    Checking defaults for OT1/cmr/m/n on input line 67.
LaTeX Font Info:    ... okay on input line 67.
LaTeX Font Info:    Checking defaults for OMS/cmsy/m/n on input line 67.
LaTeX Font Info:    ... okay on input line 67.
LaTeX Font Info:    Checking defaults for OMX/cmex/m/n on input line 67.
LaTeX Font Info:    ... okay on input line 67.
LaTeX Font Info:    Checking defaults for U/cmr/m/n on input line 67.
LaTeX Font Info:    ... okay on input line 67.
LaTeX Font Info:    Checking defaults for PD1/pdf/m/n on input line 67.
LaTeX Font Info:    ... okay on input line 67.

(/usr/local/texlive/2017/texmf-dist/tex/context/base/mkii/supp-pdf.mkii
[Loading MPS to PDF converter (version 2006.09.02).]
\scratchcounter=\count119
\scratchdimen=\dimen131
\scratchbox=\box30
\nofMPsegments=\count120
\nofMParguments=\count121
\everyMPshowfont=\toks27
\MPscratchCnt=\count122
\MPscratchDim=\dimen132
\MPnumerator=\count123
\makeMPintoPDFobject=\count124
\everyMPtoPDFconversion=\toks28
) (/usr/local/texlive/2017/texmf-dist/tex/latex/oberdiek/epstopdf-base.sty
Package: epstopdf-base 2016/05/15 v2.6 Base part for package epstopdf

(/usr/local/texlive/2017/texmf-dist/tex/latex/oberdiek/grfext.sty
Package: grfext 2016/05/16 v1.2 Manage graphics extensions (HO)
)
Package epstopdf-base Info: Redefining graphics rule for `.eps' on input line 4
38.
Package grfext Info: Graphics extension search list:
(grfext)             [.png,.pdf,.jpg,.mps,.jpeg,.jbig2,.jb2,.PNG,.PDF,.JPG,.JPE
G,.JBIG2,.JB2,.eps]
(grfext)             \AppendGraphicsExtensions on input line 456.

(/usr/local/texlive/2017/texmf-dist/tex/latex/latexconfig/epstopdf-sys.cfg
File: epstopdf-sys.cfg 2010/07/13 v1.3 Configuration of (r)epstopdf for TeX Liv
e
))
\AtBeginShipoutBox=\box31
Package hyperref Info: Link coloring OFF on input line 67.

(/usr/local/texlive/2017/texmf-dist/tex/latex/hyperref/nameref.sty
Package: nameref 2016/05/21 v2.44 Cross-referencing by name of section

(/usr/local/texlive/2017/texmf-dist/tex/generic/oberdiek/gettitlestring.sty
Package: gettitlestring 2016/05/16 v1.5 Cleanup title references (HO)
)
\c@section@level=\count125
)
LaTeX Info: Redefining \ref on input line 67.
LaTeX Info: Redefining \pageref on input line 67.
LaTeX Info: Redefining \nameref on input line 67.

(./Report.out) (./Report.out)
\@outlinefile=\write3
\openout3 = `Report.out'.

Package caption Info: Begin \AtBeginDocument code.
Package caption Info: End \AtBeginDocument code.
\c@lstlisting=\count126


Package scrpage2 Warning: seems you are using a very small headheight.
(scrpage2)                If you get overfull \vbox warnings at almost every
(scrpage2)                page, you should increase headheight e.g. writing
(scrpage2)                 \setlength{\headheight}{1.1\baselineskip}
(scrpage2)                into the preamble of your document.
(scrpage2)                A better solution would be to use typearea package.

Missing character: There is no ‚ in font cmr10!
Missing character: There is no Ä in font cmr10!
Missing character: There is no ì in font cmr10!
[1

{/usr/local/texlive/2017/texmf-var/fonts/map/pdftex/updmap/pdftex.map}]
(./Report.toc
LaTeX Font Info:    Try loading font information for U+msa on input line 3.
 (/usr/local/texlive/2017/texmf-dist/tex/latex/amsfonts/umsa.fd
File: umsa.fd 2013/01/14 v3.01 AMS symbols A
)
LaTeX Font Info:    Try loading font information for U+msb on input line 3.

(/usr/local/texlive/2017/texmf-dist/tex/latex/amsfonts/umsb.fd
File: umsb.fd 2013/01/14 v3.01 AMS symbols B
)
Overfull \vbox (6.78236pt too high) has occurred while \output is active []


[2])
\tf@toc=\write4
\openout4 = `Report.toc'.


Overfull \vbox (6.78236pt too high) has occurred while \output is active []


[3]
Missing character: There is no ‚ in font cmr10!
Missing character: There is no Ä in font cmr10!
Missing character: There is no ô in font cmr10!

Overfull \vbox (6.78236pt too high) has occurred while \output is active []

pdfTeX warning (ext4): destination with the same identifier (name{page.1}) has 
been already used, duplicate ignored
<to be read again> 
                   \relax 
l.118 \newpage
               [1

]
Missing character: There is no ‚ in font cmr10!
Missing character: There is no Ä in font cmr10!
Missing character: There is no ú in font cmr10!
Missing character: There is no ‚ in font cmr10!
Missing character: There is no Ä in font cmr10!
Missing character: There is no ù in font cmr10!
Missing character: There is no ‚ in font cmr10!
Missing character: There is no Ä in font cmr10!
Missing character: There is no ú in font cmr10!
Missing character: There is no ‚ in font cmr10!
Missing character: There is no Ä in font cmr10!
Missing character: There is no ù in font cmr10!

Overfull \vbox (6.78236pt too high) has occurred while \output is active []

pdfTeX warning (ext4): destination with the same identifier (name{page.2}) has 
been already used, duplicate ignored
<to be read again> 
                   \relax 
l.140 
       [2]
Missing character: There is no √ in font cmr10!
Missing character: There is no Ø in font cmr10!

Overfull \vbox (6.78236pt too high) has occurred while \output is active []

pdfTeX warning (ext4): destination with the same identifier (name{page.3}) has 
been already used, duplicate ignored
<to be read again> 
                   \relax 
l.162 \begin{equation}
                       [3]
Underfull \hbox (badness 10000) in paragraph at lines 165--167

 []

LaTeX Font Info:    Try loading font information for OMS+cmr on input line 175.

(/usr/local/texlive/2017/texmf-dist/tex/latex/base/omscmr.fd
File: omscmr.fd 2014/09/29 v2.5h Standard LaTeX font definitions
)
LaTeX Font Info:    Font shape `OMS/cmr/m/n' in size <10.95> not available
(Font)              Font shape `OMS/cmsy/m/n' tried instead on input line 175.

Overfull \vbox (6.78236pt too high) has occurred while \output is active []


[4]
Missing character: There is no ‚ in font cmr10!
Missing character: There is no Ä in font cmr10!
Missing character: There is no ô in font cmr10!
 <Figures/NN.png, id=255, 332.24126pt x 371.3875pt>
File: Figures/NN.png Graphic file (type png)
 <use Figures/NN.png>
Package pdftex.def Info: Figures/NN.png used on input line 187.
(pdftex.def)             Requested size: 216.81pt x 242.3567pt.

<Figures/qletlogo.pdf, id=256, 198.49156pt x 205.26688pt>
File: Figures/qletlogo.pdf Graphic file (type pdf)

<use Figures/qletlogo.pdf>
Package pdftex.def Info: Figures/qletlogo.pdf used on input line 188.
(pdftex.def)             Requested size: 19.85031pt x 20.52788pt.

Overfull \vbox (6.78236pt too high) has occurred while \output is active []


[5 <./Figures/NN.png> <./Figures/qletlogo.pdf>]
Underfull \hbox (badness 10000) in paragraph at lines 194--195

 []


Overfull \vbox (6.78236pt too high) has occurred while \output is active []


[6]
Overfull \vbox (6.78236pt too high) has occurred while \output is active []


[7] <Figures/samplebills.pdf, id=308, 794.97pt x 614.295pt>
File: Figures/samplebills.pdf Graphic file (type pdf)

<use Figures/samplebills.pdf>
Package pdftex.def Info: Figures/samplebills.pdf used on input line 240.
(pdftex.def)             Requested size: 289.07999pt x 223.38626pt.
File: Figures/qletlogo.pdf Graphic file (type pdf)
 <use Figures/qletlogo.pdf>
Package pdftex.def Info: Figures/qletlogo.pdf used on input line 241.
(pdftex.def)             Requested size: 19.85031pt x 20.52788pt.

Overfull \vbox (6.78236pt too high) has occurred while \output is active []


[8 <./Figures/samplebills.pdf>]
Overfull \vbox (6.78236pt too high) has occurred while \output is active []


[9]
Overfull \vbox (6.78236pt too high) has occurred while \output is active []


[10]
Overfull \hbox (17.80818pt too wide) in paragraph at lines 304--305
\OT1/cmr/m/n/10.95 ables in dataset ``train.lr''. Ap-par-ently, the de-pen-dent
 vari-able y is ``de-faut.payment.next.month'',
 []


Overfull \vbox (6.78236pt too high) has occurred while \output is active []


[11]
Overfull \vbox (6.78236pt too high) has occurred while \output is active []


[12] <Figures/rfmtry.pdf, id=401, 794.97pt x 614.295pt>
File: Figures/rfmtry.pdf Graphic file (type pdf)

<use Figures/rfmtry.pdf>
Package pdftex.def Info: Figures/rfmtry.pdf used on input line 353.
(pdftex.def)             Requested size: 289.07999pt x 223.38626pt.
File: Figures/qletlogo.pdf Graphic file (type pdf)
 <use Figures/qletlogo.pdf>
Package pdftex.def Info: Figures/qletlogo.pdf used on input line 354.
(pdftex.def)             Requested size: 19.85031pt x 20.52788pt.

Overfull \vbox (6.78236pt too high) has occurred while \output is active []


[13 <./Figures/rfmtry.pdf>]
<Figures/VARimp.jpeg, id=420, 1003.75pt x 639.38875pt>
File: Figures/VARimp.jpeg Graphic file (type jpg)

<use Figures/VARimp.jpeg>
Package pdftex.def Info: Figures/VARimp.jpeg used on input line 373.
(pdftex.def)             Requested size: 289.07999pt x 184.13991pt.
File: Figures/qletlogo.pdf Graphic file (type pdf)
 <use Figures/qletlogo.pdf>
Package pdftex.def Info: Figures/qletlogo.pdf used on input line 374.
(pdftex.def)             Requested size: 19.85031pt x 20.52788pt.

Overfull \vbox (6.78236pt too high) has occurred while \output is active []


[14 <./Figures/VARimp.jpeg>]
Missing character: There is no ‚ in font cmr10!
Missing character: There is no Ä in font cmr10!
Missing character: There is no ù in font cmr10!

Overfull \vbox (6.78236pt too high) has occurred while \output is active []


[15] <Figures/BillDiff.pdf, id=455, 794.97pt x 614.295pt>
File: Figures/BillDiff.pdf Graphic file (type pdf)

<use Figures/BillDiff.pdf>
Package pdftex.def Info: Figures/BillDiff.pdf used on input line 437.
(pdftex.def)             Requested size: 289.07999pt x 223.38626pt.
File: Figures/qletlogo.pdf Graphic file (type pdf)
 <use Figures/qletlogo.pdf>
Package pdftex.def Info: Figures/qletlogo.pdf used on input line 438.
(pdftex.def)             Requested size: 19.85031pt x 20.52788pt.
File: Figures/qletlogo.pdf Graphic file (type pdf)

<use Figures/qletlogo.pdf>
Package pdftex.def Info: Figures/qletlogo.pdf used on input line 438.
(pdftex.def)             Requested size: 19.85031pt x 20.52788pt.

<Figures/PaymentDiff.pdf, id=458, 794.97pt x 614.295pt>
File: Figures/PaymentDiff.pdf Graphic file (type pdf)

<use Figures/PaymentDiff.pdf>
Package pdftex.def Info: Figures/PaymentDiff.pdf used on input line 439.
(pdftex.def)             Requested size: 289.07999pt x 223.38626pt.
File: Figures/qletlogo.pdf Graphic file (type pdf)
 <use Figures/qletlogo.pdf>
Package pdftex.def Info: Figures/qletlogo.pdf used on input line 440.
(pdftex.def)             Requested size: 19.85031pt x 20.52788pt.
File: Figures/qletlogo.pdf Graphic file (type pdf)

<use Figures/qletlogo.pdf>
Package pdftex.def Info: Figures/qletlogo.pdf used on input line 440.
(pdftex.def)             Requested size: 19.85031pt x 20.52788pt.

Overfull \vbox (6.78236pt too high) has occurred while \output is active []


[16]
Overfull \vbox (6.78236pt too high) has occurred while \output is active []


[17 <./Figures/BillDiff.pdf> <./Figures/PaymentDiff.pdf>]
<Figures/Corr.png, id=487, 583.17876pt x 365.365pt>
File: Figures/Corr.png Graphic file (type png)
 <use Figures/Corr.png>
Package pdftex.def Info: Figures/Corr.png used on input line 449.
(pdftex.def)             Requested size: 361.34999pt x 226.39572pt.
File: Figures/qletlogo.pdf Graphic file (type pdf)

<use Figures/qletlogo.pdf>
Package pdftex.def Info: Figures/qletlogo.pdf used on input line 450.
(pdftex.def)             Requested size: 19.85031pt x 20.52788pt.

Overfull \vbox (6.78236pt too high) has occurred while \output is active []


[18 <./Figures/Corr.png>] <Figures/DTsPlot.pdf, id=499, 794.97pt x 614.295pt>
File: Figures/DTsPlot.pdf Graphic file (type pdf)

<use Figures/DTsPlot.pdf>
Package pdftex.def Info: Figures/DTsPlot.pdf used on input line 480.
(pdftex.def)             Requested size: 361.34999pt x 279.23282pt.
File: Figures/qletlogo.pdf Graphic file (type pdf)
 <use Figures/qletlogo.pdf>
Package pdftex.def Info: Figures/qletlogo.pdf used on input line 481.
(pdftex.def)             Requested size: 19.85031pt x 20.52788pt.

Overfull \vbox (6.78236pt too high) has occurred while \output is active []


[19] <Figures/AUCdtsrf.pdf, id=507, 794.97pt x 614.295pt>
File: Figures/AUCdtsrf.pdf Graphic file (type pdf)

<use Figures/AUCdtsrf.pdf>
Package pdftex.def Info: Figures/AUCdtsrf.pdf used on input line 502.
(pdftex.def)             Requested size: 289.07999pt x 223.38626pt.
File: Figures/qletlogo.pdf Graphic file (type pdf)
 <use Figures/qletlogo.pdf>
Package pdftex.def Info: Figures/qletlogo.pdf used on input line 503.
(pdftex.def)             Requested size: 19.85031pt x 20.52788pt.

Overfull \vbox (6.78236pt too high) has occurred while \output is active []


[20 <./Figures/DTsPlot.pdf>]
Overfull \vbox (6.78236pt too high) has occurred while \output is active []


[21 <./Figures/AUCdtsrf.pdf>]
Missing character: There is no ‚ in font cmr10!
Missing character: There is no Ä in font cmr10!
Missing character: There is no ô in font cmr10!

<Figures/ROCALLN.png, id=534, 599.23875pt x 314.17375pt>
File: Figures/ROCALLN.png Graphic file (type png)

<use Figures/ROCALLN.png>
Package pdftex.def Info: Figures/ROCALLN.png used on input line 560.
(pdftex.def)             Requested size: 289.08517pt x 289.0913pt.
File: Figures/qletlogo.pdf Graphic file (type pdf)
 <use Figures/qletlogo.pdf>
Package pdftex.def Info: Figures/qletlogo.pdf used on input line 561.
(pdftex.def)             Requested size: 19.85031pt x 20.52788pt.

Overfull \vbox (6.78236pt too high) has occurred while \output is active []


[22]
Overfull \vbox (6.78236pt too high) has occurred while \output is active []


[23 <./Figures/ROCALLN.png>]
Overfull \vbox (6.78236pt too high) has occurred while \output is active []


[24] (./Report.bbl
Overfull \vbox (6.78236pt too high) has occurred while \output is active []


[25])
Overfull \vbox (6.78236pt too high) has occurred while \output is active []


[26]
Overfull \vbox (6.78236pt too high) has occurred while \output is active []


[27]
Package atveryend Info: Empty hook `BeforeClearDocument' on input line 610.

Overfull \vbox (6.78236pt too high) has occurred while \output is active []


[28]
Package atveryend Info: Empty hook `AfterLastShipout' on input line 610.
 (./Report.aux)
Package atveryend Info: Executing hook `AtVeryEndDocument' on input line 610.
Package atveryend Info: Executing hook `AtEndAfterFileList' on input line 610.
Package rerunfilecheck Info: File `Report.out' has not changed.
(rerunfilecheck)             Checksum: C262996406F53CAACFCCDAA787A87895;2281.
Package atveryend Info: Empty hook `AtVeryVeryEnd' on input line 610.
 ) 
Here is how much of TeX's memory you used:
 10286 strings out of 492995
 146934 string characters out of 6132704
 382390 words of memory out of 5000000
 13494 multiletter control sequences out of 15000+600000
 13500 words of font info for 52 fonts, out of 8000000 for 9000
 1141 hyphenation exceptions out of 8191
 36i,11n,40p,1319b,1755s stack positions out of 5000i,500n,10000p,200000b,80000s
</usr/local/texlive/2017/texmf-dist/fonts/type1/public/amsfonts/cm/cmbx10.pfb
></usr/local/texlive/2017/texmf-dist/fonts/type1/public/amsfonts/cm/cmbx12.pfb>
</usr/local/texlive/2017/texmf-dist/fonts/type1/public/amsfonts/cm/cmcsc10.pfb>
</usr/local/texlive/2017/texmf-dist/fonts/type1/public/amsfonts/cm/cmex10.pfb><
/usr/local/texlive/2017/texmf-dist/fonts/type1/public/amsfonts/cm/cmmi10.pfb></
usr/local/texlive/2017/texmf-dist/fonts/type1/public/amsfonts/cm/cmmi8.pfb></us
r/local/texlive/2017/texmf-dist/fonts/type1/public/amsfonts/cm/cmr10.pfb></usr/
local/texlive/2017/texmf-dist/fonts/type1/public/amsfonts/cm/cmr8.pfb></usr/loc
al/texlive/2017/texmf-dist/fonts/type1/public/amsfonts/cm/cmr9.pfb></usr/local/
texlive/2017/texmf-dist/fonts/type1/public/amsfonts/cm/cmsl10.pfb></usr/local/t
exlive/2017/texmf-dist/fonts/type1/public/amsfonts/cm/cmsy10.pfb></usr/local/te
xlive/2017/texmf-dist/fonts/type1/public/amsfonts/cm/cmsy8.pfb></usr/local/texl
ive/2017/texmf-dist/fonts/type1/public/amsfonts/cm/cmti10.pfb></usr/local/texli
ve/2017/texmf-dist/fonts/type1/public/amsfonts/cm/cmtt10.pfb></usr/local/texliv
e/2017/texmf-dist/fonts/type1/public/amsfonts/cm/cmtt8.pfb>
Output written on Report.pdf (31 pages, 2267390 bytes).
PDF statistics:
 673 PDF objects out of 1000 (max. 8388607)
 597 compressed objects within 6 object streams
 216 named destinations out of 1000 (max. 500000)
 312 words of extra memory for PDF output out of 10000 (max. 10000000)

