\BOOKMARK [1][-]{section.1}{Introduction}{}% 1
\BOOKMARK [1][-]{section.2}{Theory and Design}{}% 2
\BOOKMARK [2][-]{subsection.2.1}{Data Preprocessing}{section.2}% 3
\BOOKMARK [3][-]{subsubsection.2.1.1}{Handling Outliers}{subsection.2.1}% 4
\BOOKMARK [2][-]{subsection.2.2}{Prediction Models}{section.2}% 5
\BOOKMARK [3][-]{subsubsection.2.2.1}{Logit Regression Model}{subsection.2.2}% 6
\BOOKMARK [3][-]{subsubsection.2.2.2}{Naive Bayes Model}{subsection.2.2}% 7
\BOOKMARK [3][-]{subsubsection.2.2.3}{Decision Trees Model}{subsection.2.2}% 8
\BOOKMARK [3][-]{subsubsection.2.2.4}{Random Forest Model}{subsection.2.2}% 9
\BOOKMARK [3][-]{subsubsection.2.2.5}{Neural Network}{subsection.2.2}% 10
\BOOKMARK [2][-]{subsection.2.3}{Model Evaluation}{section.2}% 11
\BOOKMARK [1][-]{section.3}{Implementation}{}% 12
\BOOKMARK [2][-]{subsection.3.1}{Data Preprocessing}{section.3}% 13
\BOOKMARK [3][-]{subsubsection.3.1.1}{Handling Outliers}{subsection.3.1}% 14
\BOOKMARK [3][-]{subsubsection.3.1.2}{Standardization and Creating Dummy Variables }{subsection.3.1}% 15
\BOOKMARK [3][-]{subsubsection.3.1.3}{Correlation Matrix}{subsection.3.1}% 16
\BOOKMARK [2][-]{subsection.3.2}{Prediction Models}{section.3}% 17
\BOOKMARK [3][-]{subsubsection.3.2.1}{Logit Regression Model}{subsection.3.2}% 18
\BOOKMARK [3][-]{subsubsection.3.2.2}{Naive Bayes model}{subsection.3.2}% 19
\BOOKMARK [3][-]{subsubsection.3.2.3}{Decision Trees Model}{subsection.3.2}% 20
\BOOKMARK [3][-]{subsubsection.3.2.4}{Random Forest Model}{subsection.3.2}% 21
\BOOKMARK [3][-]{subsubsection.3.2.5}{Neural Network}{subsection.3.2}% 22
\BOOKMARK [2][-]{subsection.3.3}{Model Evaluation}{section.3}% 23
\BOOKMARK [1][-]{section.4}{Empirical Study}{}% 24
\BOOKMARK [2][-]{subsection.4.1}{Data Description}{section.4}% 25
\BOOKMARK [2][-]{subsection.4.2}{Data Visualization}{section.4}% 26
\BOOKMARK [2][-]{subsection.4.3}{Prediction Models}{section.4}% 27
\BOOKMARK [3][-]{subsubsection.4.3.1}{Decision trees and random forest Models}{subsection.4.3}% 28
\BOOKMARK [3][-]{subsubsection.4.3.2}{Logit Regresssion, Naive Bayes and Neural Network}{subsection.4.3}% 29
\BOOKMARK [2][-]{subsection.4.4}{Model Evaluation}{section.4}% 30
\BOOKMARK [1][-]{section.5}{Conclusion}{}% 31
\BOOKMARK [1][-]{section.6}{Appendix}{}% 32
